2017-05-09 10:30:56.007 [main] DEBUG online.xpgame.Gmain - Initializing Mysql storage ...
 2017-05-09 10:30:56.025 [main] DEBUG o.x.m.m.ConnectionManager - Init Mysql DataSource Pool 
 2017-05-09 10:30:56.339 [main] DEBUG o.x.m.m.ConnectionManager - Init Mysql DataSource Success 
 2017-05-09 10:30:57.267 [main] ERROR o.x.m.DataMySqlStorage - 查询用户名为 qwe 的用户账户信息是否存在时出错 {}
 java.sql.SQLException: Column Index out of range, 0 < 1.
	at com.mysql.jdbc.SQLError.createSQLException(SQLError.java:1078)
	at com.mysql.jdbc.SQLError.createSQLException(SQLError.java:989)
	at com.mysql.jdbc.SQLError.createSQLException(SQLError.java:975)
	at com.mysql.jdbc.SQLError.createSQLException(SQLError.java:920)
	at com.mysql.jdbc.ResultSetImpl.checkColumnBounds(ResultSetImpl.java:825)
	at com.mysql.jdbc.ResultSetImpl.getInt(ResultSetImpl.java:2715)
	at com.mchange.v2.c3p0.impl.NewProxyResultSet.getInt(NewProxyResultSet.java:2547)
	at online.xpgame.mysql.DataMySqlStorage.userinfoExists(DataMySqlStorage.java:46)
	at online.xpgame.Gmain.main(Gmain.java:36)
	at sun.reflect.NativeMethodAccessorImpl.invoke0(Native Method)
	at sun.reflect.NativeMethodAccessorImpl.invoke(NativeMethodAccessorImpl.java:62)
	at sun.reflect.DelegatingMethodAccessorImpl.invoke(DelegatingMethodAccessorImpl.java:43)
	at java.lang.reflect.Method.invoke(Method.java:497)
	at com.intellij.rt.execution.application.AppMain.main(AppMain.java:144)
2017-05-09 10:34:04.183 [main] DEBUG online.xpgame.Gmain - Initializing Mysql storage ...
 2017-05-09 10:34:04.187 [main] DEBUG o.x.m.m.ConnectionManager - Init Mysql DataSource Pool 
 2017-05-09 10:34:04.353 [main] DEBUG o.x.m.m.ConnectionManager - Init Mysql DataSource Success 
 2017-05-09 10:34:22.277 [main] DEBUG online.xpgame.Gmain - Initializing Mysql storage ...
 2017-05-09 10:34:22.281 [main] DEBUG o.x.m.m.ConnectionManager - Init Mysql DataSource Pool 
 2017-05-09 10:34:22.435 [main] DEBUG o.x.m.m.ConnectionManager - Init Mysql DataSource Success 
 